<?xml version="1.0" encoding="UTF-8"?>
<!-- Generated by org.testng.reporters.JUnitReportReporter -->
<testsuite hostname="DESKTOP-HU880DN" failures="0" tests="8" name="TestComponents.BasicTests.BoostrapAlertsTest" time="112.339" errors="0" timestamp="2023-09-30T20:15:04 CEST" skipped="0">
  <testcase classname="TestComponents.BasicTests.BoostrapAlertsTest" name="boostrapAlert_Click_Info_Should_Show_Message" time="8.308"/>
  <testcase classname="TestComponents.BasicTests.BoostrapAlertsTest" name="boostrapAlert_Click_Success_Should_Show_Message" time="9.973"/>
  <testcase classname="TestComponents.BasicTests.BoostrapAlertsTest" name="boostrapAlert_Click_AutoSuccess_Should_Show_Message_And_Disappear" time="31.816"/>
  <testcase classname="TestComponents.BasicTests.BoostrapAlertsTest" name="boostrapAlert_Click_AutoInfo_Should_Show_Message_And_Disappear" time="14.484"/>
  <testcase classname="TestComponents.BasicTests.BoostrapAlertsTest" name="boostrapAlert_Click_AutoDanger_Should_Show_Message_And_Disappear" time="18.444"/>
  <testcase classname="TestComponents.BasicTests.BoostrapAlertsTest" name="boostrapAlert_Click_Danger_Should_Show_Message_And_Disappear" time="7.908"/>
  <testcase classname="TestComponents.BasicTests.BoostrapAlertsTest" name="boostrapAlert_Click_Warning_Should_Show_Message" time="8.046"/>
  <testcase classname="TestComponents.BasicTests.BoostrapAlertsTest" name="boostrapAlert_Click_AutoWarning_Should_Show_Message_And_Disappear" time="13.360"/>
</testsuite> <!-- TestComponents.BasicTests.BoostrapAlertsTest -->
