<?xml version="1.0" encoding="UTF-8"?>
<!-- Generated by org.testng.reporters.JUnitReportReporter -->
<testsuite hostname="DESKTOP-HU880DN" failures="0" tests="2" name="TestComponents.BasicTests.WindowsPopupDemoTest" time="19.355" errors="0" timestamp="2023-09-30T20:15:04 CEST" skipped="0">
  <testcase classname="TestComponents.BasicTests.WindowsPopupDemoTest" name="popup_Twitter_Should_Have_Proper_Address" time="10.375"/>
  <testcase classname="TestComponents.BasicTests.WindowsPopupDemoTest" name="popup_Facebook_Should_Have_Proper_Address" time="8.980"/>
</testsuite> <!-- TestComponents.BasicTests.WindowsPopupDemoTest -->
