<?xml version="1.0" encoding="UTF-8"?>
<!-- Generated by org.testng.reporters.JUnitReportReporter -->
<testsuite hostname="DESKTOP-HU880DN" failures="0" tests="6" name="TestComponents.BasicTests.SimpleFormDemoTest" time="42.567" errors="0" timestamp="2023-09-30T20:15:03 CEST" skipped="0">
  <testcase classname="TestComponents.BasicTests.SimpleFormDemoTest" name="singleInput_Enter_Any_Data_Should_Show_Message" time="6.649"/>
  <testcase classname="TestComponents.BasicTests.SimpleFormDemoTest" name="doubleInput_Enter_Single_Text_Should_Show_Error" time="7.667"/>
  <testcase classname="TestComponents.BasicTests.SimpleFormDemoTest" name="doubleInput_Enter_Single_Number_Should_Show_Number" time="7.249"/>
  <testcase classname="TestComponents.BasicTests.SimpleFormDemoTest" name="doubleInput_Enter_No_Data_Should_Show_Error" time="7.299"/>
  <testcase classname="TestComponents.BasicTests.SimpleFormDemoTest" name="singleInput_Not_Entering_Any_Data_Should_Show_No_Message" time="6.831"/>
  <testcase classname="TestComponents.BasicTests.SimpleFormDemoTest" name="doubleInput_Enter_Double_Number_Should_Show_Sum" time="6.872"/>
</testsuite> <!-- TestComponents.BasicTests.SimpleFormDemoTest -->
