<?xml version="1.0" encoding="UTF-8"?>
<!-- Generated by org.testng.reporters.JUnitReportReporter -->
<testsuite hostname="DESKTOP-HU880DN" failures="0" tests="8" name="TestComponents.BasicTests.CheckboxDemoTest" time="90.424" errors="0" timestamp="2023-10-03T20:08:45 CEST" skipped="0">
  <testcase classname="TestComponents.BasicTests.CheckboxDemoTest" name="multipleCheckBox_Click_MultipleCheckBoxAllButton_Should_Change_Button_Name_And_CheckAll" time="12.631"/>
  <testcase classname="TestComponents.BasicTests.CheckboxDemoTest" name="multipleCheckBox_Check_All_Should_Change_Button_Name_And_CheckAll" time="17.317"/>
  <testcase classname="TestComponents.BasicTests.CheckboxDemoTest" name="checkBox_CLick_Should_Show_Message" time="14.255"/>
  <testcase classname="TestComponents.BasicTests.CheckboxDemoTest" name="checkBoxChecked_CLick_Should_Unchecked_Checkbox" time="11.701"/>
  <testcase classname="TestComponents.BasicTests.CheckboxDemoTest" name="multipleCheckBox_Click_UncheckAll_Should_Change_Button_Name_And_UncheckAll" time="8.143"/>
  <testcase classname="TestComponents.BasicTests.CheckboxDemoTest" name="checkBox_DoubleCLick_Should_Hide_Message" time="9.127"/>
  <testcase classname="TestComponents.BasicTests.CheckboxDemoTest" name="checkBoxChecked_DoubleCLick_Should_Check_Checkbox" time="8.643"/>
  <testcase classname="TestComponents.BasicTests.CheckboxDemoTest" name="checkBoxDisable_Should_Be_Disable" time="8.607"/>
</testsuite> <!-- TestComponents.BasicTests.CheckboxDemoTest -->
