<?xml version="1.0" encoding="UTF-8"?>
<!-- Generated by org.testng.reporters.JUnitReportReporter -->
<testsuite hostname="DESKTOP-HU880DN" failures="0" tests="8" name="TestComponents.BasicTests.CheckboxDemoTest" time="61.035" errors="0" timestamp="2023-09-30T20:15:04 CEST" skipped="0">
  <testcase classname="TestComponents.BasicTests.CheckboxDemoTest" name="checkBoxChecked_CLick_Should_Unchecked_Checkbox" time="8.052"/>
  <testcase classname="TestComponents.BasicTests.CheckboxDemoTest" name="multipleCheckBox_Click_MultipleCheckBoxAllButton_Should_Change_Button_Name_And_CheckAll" time="7.662"/>
  <testcase classname="TestComponents.BasicTests.CheckboxDemoTest" name="multipleCheckBox_Click_UncheckAll_Should_Change_Button_Name_And_UncheckAll" time="7.218"/>
  <testcase classname="TestComponents.BasicTests.CheckboxDemoTest" name="checkBoxDisable_Should_Be_Disable" time="7.529"/>
  <testcase classname="TestComponents.BasicTests.CheckboxDemoTest" name="checkBox_CLick_Should_Show_Message" time="8.047"/>
  <testcase classname="TestComponents.BasicTests.CheckboxDemoTest" name="checkBoxChecked_DoubleCLick_Should_Check_Checkbox" time="8.055"/>
  <testcase classname="TestComponents.BasicTests.CheckboxDemoTest" name="multipleCheckBox_Check_All_Should_Change_Button_Name_And_CheckAll" time="7.234"/>
  <testcase classname="TestComponents.BasicTests.CheckboxDemoTest" name="checkBox_DoubleCLick_Should_Hide_Message" time="7.238"/>
</testsuite> <!-- TestComponents.BasicTests.CheckboxDemoTest -->
