<?xml version="1.0" encoding="UTF-8"?>
<!-- Generated by org.testng.reporters.JUnitReportReporter -->
<testsuite hostname="DESKTOP-HU880DN" failures="0" tests="5" name="TestComponents.BasicTests.RadioButtonsDemoTest" time="37.213" errors="0" timestamp="2023-09-30T20:15:04 CEST" skipped="0">
  <testcase classname="TestComponents.BasicTests.RadioButtonsDemoTest" name="groupRadioButton_ClickOnlySex_Should_Show_Message" time="8.080"/>
  <testcase classname="TestComponents.BasicTests.RadioButtonsDemoTest" name="groupRadioButton_ClickBoth_Should_Show_Message" time="8.063"/>
  <testcase classname="TestComponents.BasicTests.RadioButtonsDemoTest" name="groupRadioButton_ClickOnlyAge_Should_Show_Message" time="7.301"/>
  <testcase classname="TestComponents.BasicTests.RadioButtonsDemoTest" name="radioButton_ButtonClick_Should_Show_Message" time="6.726"/>
  <testcase classname="TestComponents.BasicTests.RadioButtonsDemoTest" name="radioButton_NoButtonClick_Should_Show_Message" time="7.043"/>
</testsuite> <!-- TestComponents.BasicTests.RadioButtonsDemoTest -->
