<?xml version="1.0" encoding="UTF-8"?>
<!-- Generated by org.testng.reporters.JUnitReportReporter -->
<testsuite hostname="DESKTOP-HU880DN" failures="0" tests="8" name="TestComponents.BasicTests.BoostrapAlertsTest" time="109.089" errors="0" timestamp="2023-10-03T20:08:45 CEST" skipped="0">
  <testcase classname="TestComponents.BasicTests.BoostrapAlertsTest" name="boostrapAlert_Click_AutoSuccess_Should_Show_Message_And_Disappear" time="16.629"/>
  <testcase classname="TestComponents.BasicTests.BoostrapAlertsTest" name="boostrapAlert_Click_AutoInfo_Should_Show_Message_And_Disappear" time="21.152"/>
  <testcase classname="TestComponents.BasicTests.BoostrapAlertsTest" name="boostrapAlert_Click_Success_Should_Show_Message" time="10.969"/>
  <testcase classname="TestComponents.BasicTests.BoostrapAlertsTest" name="boostrapAlert_Click_AutoWarning_Should_Show_Message_And_Disappear" time="12.789"/>
  <testcase classname="TestComponents.BasicTests.BoostrapAlertsTest" name="boostrapAlert_Click_Info_Should_Show_Message" time="11.758"/>
  <testcase classname="TestComponents.BasicTests.BoostrapAlertsTest" name="boostrapAlert_Click_AutoDanger_Should_Show_Message_And_Disappear" time="16.831"/>
  <testcase classname="TestComponents.BasicTests.BoostrapAlertsTest" name="boostrapAlert_Click_Danger_Should_Show_Message_And_Disappear" time="9.057"/>
  <testcase classname="TestComponents.BasicTests.BoostrapAlertsTest" name="boostrapAlert_Click_Warning_Should_Show_Message" time="9.904"/>
</testsuite> <!-- TestComponents.BasicTests.BoostrapAlertsTest -->
