<?xml version="1.0" encoding="UTF-8"?>
<!-- Generated by org.testng.reporters.JUnitReportReporter -->
<testsuite hostname="DESKTOP-HU880DN" failures="0" tests="3" name="TestComponents.BasicTests.SelectDropdownListDemoTest" time="55.456" errors="0" timestamp="2023-09-30T21:05:20 CEST" skipped="1">
  <testcase classname="TestComponents.BasicTests.SelectDropdownListDemoTest" name="multiSelect_Status_Should_Multiple" time="7.499"/>
  <testcase classname="TestComponents.BasicTests.SelectDropdownListDemoTest" name="select_SelectValue_Should_Show_Message" time="15.364"/>
  <testcase classname="TestComponents.BasicTests.SelectDropdownListDemoTest" name="multiSelect_SelectAllValues_Should_Show_All_Message" time="32.593">
    <skipped/>
  </testcase> <!-- multiSelect_SelectAllValues_Should_Show_All_Message -->
</testsuite> <!-- TestComponents.BasicTests.SelectDropdownListDemoTest -->
