<?xml version="1.0" encoding="UTF-8"?>
<!-- Generated by org.testng.reporters.JUnitReportReporter -->
<testsuite hostname="DESKTOP-HU880DN" failures="0" tests="3" name="TestComponents.BasicTests.BoostrapModalsTest" time="29.476" errors="0" timestamp="2023-09-30T20:15:03 CEST" skipped="0">
  <testcase classname="TestComponents.BasicTests.BoostrapModalsTest" name="multiModal_Lunch_Click_Should_Show_Message_And_Disappear" time="11.498"/>
  <testcase classname="TestComponents.BasicTests.BoostrapModalsTest" name="multiModal_Click_Should_Show_Message_And_Disappear" time="8.510"/>
  <testcase classname="TestComponents.BasicTests.BoostrapModalsTest" name="singelModal_Click_Should_Show_Message_And_Disappear" time="9.468"/>
</testsuite> <!-- TestComponents.BasicTests.BoostrapModalsTest -->
