<?xml version="1.0" encoding="UTF-8"?>
<!-- Generated by org.testng.reporters.JUnitReportReporter -->
<testsuite hostname="DESKTOP-HU880DN" failures="0" tests="14" name="TestComponents.BasicTests.RadioButtonsDemoTest" time="152.217" errors="0" timestamp="2023-10-04T13:19:43 CEST" skipped="0">
  <testcase classname="TestComponents.BasicTests.RadioButtonsDemoTest" name="groupRadioButton_ClickOnlyAge_Should_Show_Message" time="8.384"/>
  <testcase classname="TestComponents.BasicTests.RadioButtonsDemoTest" name="groupRadioButton_ClickOnlyAge_Should_Show_Message" time="7.065"/>
  <testcase classname="TestComponents.BasicTests.RadioButtonsDemoTest" name="groupRadioButton_ClickOnlyAge_Should_Show_Message" time="45.219"/>
  <testcase classname="TestComponents.BasicTests.RadioButtonsDemoTest" name="groupRadioButton_ClickBoth_Should_Show_Message" time="9.009"/>
  <testcase classname="TestComponents.BasicTests.RadioButtonsDemoTest" name="groupRadioButton_ClickBoth_Should_Show_Message" time="7.740"/>
  <testcase classname="TestComponents.BasicTests.RadioButtonsDemoTest" name="groupRadioButton_ClickBoth_Should_Show_Message" time="8.099"/>
  <testcase classname="TestComponents.BasicTests.RadioButtonsDemoTest" name="groupRadioButton_ClickOnlySex_Should_Show_Message" time="7.524"/>
  <testcase classname="TestComponents.BasicTests.RadioButtonsDemoTest" name="radioButton_ButtonClick_Should_Show_Message" time="10.588"/>
  <testcase classname="TestComponents.BasicTests.RadioButtonsDemoTest" name="groupRadioButton_ClickBoth_Should_Show_Message" time="7.609"/>
  <testcase classname="TestComponents.BasicTests.RadioButtonsDemoTest" name="radioButton_ButtonClick_Should_Show_Message" time="7.787"/>
  <testcase classname="TestComponents.BasicTests.RadioButtonsDemoTest" name="radioButton_ButtonClick_Should_Show_Message" time="9.529"/>
  <testcase classname="TestComponents.BasicTests.RadioButtonsDemoTest" name="groupRadioButton_ClickBoth_Should_Show_Message" time="8.434"/>
  <testcase classname="TestComponents.BasicTests.RadioButtonsDemoTest" name="groupRadioButton_ClickOnlySex_Should_Show_Message" time="7.765"/>
  <testcase classname="TestComponents.BasicTests.RadioButtonsDemoTest" name="groupRadioButton_ClickBoth_Should_Show_Message" time="7.465"/>
</testsuite> <!-- TestComponents.BasicTests.RadioButtonsDemoTest -->
