<?xml version="1.0" encoding="UTF-8"?>
<!-- Generated by org.testng.reporters.JUnitReportReporter -->
<testsuite hostname="DESKTOP-HU880DN" failures="0" tests="1" name="TestComponents.BasicTests.BoostrapAlertsTest" time="75.861" errors="0" timestamp="2023-10-13T14:06:02 CEST" skipped="0">
  <testcase classname="TestComponents.BasicTests.BoostrapAlertsTest" name="boostrapAlert_Click_Success_Should_Show_Message" time="75.861"/>
</testsuite> <!-- TestComponents.BasicTests.BoostrapAlertsTest -->
