<?xml version="1.0" encoding="UTF-8"?>
<!-- Generated by org.testng.reporters.JUnitReportReporter -->
<testsuite hostname="DESKTOP-HU880DN" failures="0" tests="2" name="TestComponents.BasicTests.WindowsPopupDemoTest" time="46.189" errors="0" timestamp="2023-10-03T20:08:45 CEST" skipped="0">
  <testcase classname="TestComponents.BasicTests.WindowsPopupDemoTest" name="popup_Facebook_Should_Have_Proper_Address" time="24.500"/>
  <testcase classname="TestComponents.BasicTests.WindowsPopupDemoTest" name="popup_Twitter_Should_Have_Proper_Address" time="21.689"/>
</testsuite> <!-- TestComponents.BasicTests.WindowsPopupDemoTest -->
