<?xml version="1.0" encoding="UTF-8"?>
<!-- Generated by org.testng.reporters.JUnitReportReporter -->
<testsuite hostname="DESKTOP-HU880DN" failures="0" tests="3" name="TestComponents.BasicTests.BoostrapModalsTest" time="35.343" errors="0" timestamp="2023-10-03T20:08:45 CEST" skipped="0">
  <testcase classname="TestComponents.BasicTests.BoostrapModalsTest" name="singleModal_Click_Should_Show_Message_And_Disappear" time="12.699"/>
  <testcase classname="TestComponents.BasicTests.BoostrapModalsTest" name="multiModal_Click_Should_Show_Message_And_Disappear" time="12.351"/>
  <testcase classname="TestComponents.BasicTests.BoostrapModalsTest" name="multiModal_Lunch_Click_Should_Show_Message_And_Disappear" time="10.293"/>
</testsuite> <!-- TestComponents.BasicTests.BoostrapModalsTest -->
