<?xml version="1.0" encoding="UTF-8"?>
<!-- Generated by org.testng.reporters.JUnitReportReporter -->
<testsuite hostname="DESKTOP-HU880DN" failures="0" tests="4" name="TestComponents.BasicTests.SimpleFormDemoTest" time="57.873" errors="0" timestamp="2023-10-05T21:07:07 CEST" skipped="0">
  <testcase classname="TestComponents.BasicTests.SimpleFormDemoTest" name="singleInput_Enter_Data_Should_Show_Message" time="7.783"/>
  <testcase classname="TestComponents.BasicTests.SimpleFormDemoTest" name="singleInput_Enter_Data_Should_Show_Message" time="6.149"/>
  <testcase classname="TestComponents.BasicTests.SimpleFormDemoTest" name="singleInput_Enter_Data_Should_Show_Message" time="9.021"/>
  <testcase classname="TestComponents.BasicTests.SimpleFormDemoTest" name="singleInput_Enter_Data_Should_Show_Message" time="34.920"/>
</testsuite> <!-- TestComponents.BasicTests.SimpleFormDemoTest -->
